ninja: Entering directory `build'
[0/1] Regenerating build files.
The Meson build system
Version: 1.0.1
Source dir: /home/wrq/_install/backup/Waybar
Build dir: /home/wrq/_install/backup/Waybar/build
Build type: native build
Project name: waybar
Project version: 0.9.18
C compiler for the host machine: cc (gcc 12.2.0 "cc (Ubuntu 12.2.0-17ubuntu1) 12.2.0")
C linker for the host machine: cc ld.bfd 2.40
C++ compiler for the host machine: c++ (gcc 12.2.0 "c++ (Ubuntu 12.2.0-17ubuntu1) 12.2.0")
C++ linker for the host machine: c++ ld.bfd 2.40
Host machine cpu family: x86_64
Host machine cpu: x86_64
Compiler for C++ supports link arguments -lc++fs: NO (cached)
Compiler for C++ supports link arguments -lc++experimental: NO (cached)
Compiler for C++ supports link arguments -lstdc++fs: YES (cached)
Program git found: YES (/usr/bin/git)
WARNING: You should add the boolean check kwarg to the run_command call.
         It currently defaults to false,
         but it will default to true in future releases of meson.
         See also: https://github.com/mesonbuild/meson/issues/9300
Has header "filesystem" : YES (cached)
Checking if "nl_langinfo with _NL_TIME_WEEK_1STDAY, _NL_TIME_FIRST_WEEKDAY" : links: YES (cached)
Dependency threads found: YES unknown (cached)
Dependency fmt found: YES 9.1.0 (cached)
Dependency spdlog found: YES 1.10.0 (cached)
Dependency wayland-client found: YES 1.22.0 (cached)
Dependency wayland-cursor found: YES 1.22.0 (cached)
Dependency wayland-protocols found: YES 1.31 (cached)
Dependency gtkmm-3.0 found: YES 3.24.7 (cached)
Dependency dbusmenu-gtk3-0.4 found: YES 16.04.0 (cached)
Dependency gio-unix-2.0 found: YES 2.76.1 (cached)
Dependency jsoncpp found: YES 1.9.4 (cached)
Dependency sigc++-2.0 found: YES 2.12.0 (cached)
Found pkg-config: /usr/bin/pkg-config (1.8.1)
Found CMake: /usr/bin/cmake (3.25.1)
Run-time dependency libinotify found: NO (tried pkgconfig and cmake)
Run-time dependency epoll-shim found: NO (tried pkgconfig and cmake)
Dependency libinput found: YES 1.22.1 (cached)
Dependency libnl-3.0 found: YES 3.7.0 (cached)
Dependency libnl-genl-3.0 found: YES 3.7.0 (cached)
Dependency upower-glib found: YES 0.99.20 (cached)
Dependency playerctl found: YES 2.4.1 (cached)
Dependency libpulse found: YES 16.1 (cached)
Dependency libudev found: YES 252 (cached)
Dependency libevdev found: YES 1.13.0 (cached)
Dependency libmpdclient found: YES 2.20 (cached)
Dependency xkbregistry found: YES 1.5.0 (cached)
Dependency jack found: YES 0.126.0 (cached)
Dependency wireplumber-0.4 found: YES 0.4.13 (cached)
Library sndio found: YES
Checking for function "sioctl_open" with dependency -lsndio: YES (cached)
Dependency gtk-layer-shell-0 found: YES 0.4.0 (cached)
Dependency systemd found: YES 252 (cached)
Computing int of "__cpp_lib_chrono" : 201611
Run-time dependency date found: NO (tried pkgconfig and cmake)
Looking for a fallback subproject for the dependency date (modules: date::date, date::date-tz)

Executing subproject date 

date| Project name: hinnant-date
date| Project version: undefined
date| C++ compiler for the host machine: c++ (gcc 12.2.0 "c++ (Ubuntu 12.2.0-17ubuntu1) 12.2.0")
date| C++ linker for the host machine: c++ ld.bfd 2.40
date| Dependency threads found: YES unknown (cached)
date| Build targets in project: 1
date| Subproject date finished.

Dependency date (modules: date::date, date::date-tz) from subproject subprojects/date-3.0.1 found: YES undefined
Configuring waybar.service using configuration
Dependency cava skipped: feature cava disabled
Message: cava is not found. Building waybar without cava
Program wayland-scanner found: YES (/usr/bin/wayland-scanner)
Program gdbus-codegen found: YES (/usr/bin/gdbus-codegen)
Dependency scdoc found: YES 1.11.2 (cached)
Program /usr/bin/scdoc found: YES (/usr/bin/scdoc)
Program sh found: YES (/usr/bin/sh)
Configuring waybar.5.scd using configuration
../meson.build:477: WARNING: Source item '/home/wrq/_install/backup/Waybar/build/waybar.5.scd' cannot be converted to File object, because it is a generated file. This will become a hard error in the future.
Dependency catch2 found: YES 3.1.0 (cached)
Program clang-tidy found: YES (/usr/bin/clang-tidy)
Build targets in project: 44
NOTICE: Future-deprecated features used:
 * 0.55.0: {'ExternalProgram.path'}
 * 0.56.0: {'meson.build_root', 'dependency.get_pkgconfig_variable', 'meson.source_root'}

waybar 0.9.18

  Subprojects
    date: YES

Found ninja-1.11.1 at /usr/bin/ninja
Cleaning... 0 files.
[1/150] Generating 'protocol/libclient_protos.a.p/xdg-output-unstable-v1-protocol.c'.
[2/150] Generating 'protocol/libclient_protos.a.p/idle-inhibit-unstable-v1-protocol.c'.
[3/150] Generating 'protocol/libclient_protos.a.p/xdg-shell-protocol.c'.
[4/150] Generating 'protocol/libclient_protos.a.p/wlr-layer-shell-unstable-v1-protocol.c'.
[5/150] Generating 'protocol/libclient_protos.a.p/wlr-foreign-toplevel-management-unstable-v1-protocol.c'.
[6/150] Generating 'protocol/libclient_protos.a.p/ext-workspace-unstable-v1-protocol.c'.
[7/150] Generating 'protocol/libclient_protos.a.p/river-status-unstable-v1-protocol.c'.
[8/150] Generating 'protocol/libclient_protos.a.p/river-control-unstable-v1-protocol.c'.
[9/150] Generating 'protocol/libclient_protos.a.p/dwl-ipc-unstable-v2-protocol.c'.
[10/150] Generating 'protocol/libclient_protos.a.p/xdg-shell-client-protocol.h'.
[11/150] Generating 'protocol/libclient_protos.a.p/idle-inhibit-unstable-v1-client-protocol.h'.
[12/150] Generating 'protocol/libclient_protos.a.p/xdg-output-unstable-v1-client-protocol.h'.
[13/150] Generating 'protocol/libclient_protos.a.p/wlr-layer-shell-unstable-v1-client-protocol.h'.
[14/150] Generating 'protocol/libclient_protos.a.p/wlr-foreign-toplevel-management-unstable-v1-client-protocol.h'.
[15/150] Generating 'protocol/libclient_protos.a.p/river-status-unstable-v1-client-protocol.h'.
[16/150] Generating 'protocol/libclient_protos.a.p/ext-workspace-unstable-v1-client-protocol.h'.
[17/150] Generating 'protocol/libclient_protos.a.p/river-control-unstable-v1-client-protocol.h'.
[18/150] Generating 'protocol/libclient_protos.a.p/dwl-ipc-unstable-v2-client-protocol.h'.
[19/150] Generating 'waybar.p/xdg-output-unstable-v1-client-protocol.h'.
[20/150] Generating 'waybar.p/idle-inhibit-unstable-v1-client-protocol.h'.
[21/150] Generating 'waybar.p/wlr-layer-shell-unstable-v1-client-protocol.h'.
[22/150] Generating 'waybar.p/xdg-shell-client-protocol.h'.
[23/150] Generating 'waybar.p/wlr-foreign-toplevel-management-unstable-v1-client-protocol.h'.
[24/150] Generating 'waybar.p/ext-workspace-unstable-v1-client-protocol.h'.
[25/150] Generating 'waybar.p/river-status-unstable-v1-client-protocol.h'.
[26/150] Generating waybar.5 with a custom command
[27/150] Generating waybar-backlight.5 with a custom command
[28/150] Generating 'waybar.p/river-control-unstable-v1-client-protocol.h'.
[29/150] Generating 'waybar.p/dwl-ipc-unstable-v2-client-protocol.h'.
[30/150] Generating waybar-clock.5 with a custom command
[31/150] Generating waybar-battery.5 with a custom command
[32/150] Generating waybar-custom.5 with a custom command
[33/150] Generating waybar-cpu.5 with a custom command
[34/150] Generating waybar-disk.5 with a custom command
[35/150] Generating waybar-gamemode.5 with a custom command
[36/150] Generating waybar-image.5 with a custom command
[37/150] Generating waybar-keyboard-state.5 with a custom command
[38/150] Generating waybar-idle-inhibitor.5 with a custom command
[39/150] Generating waybar-memory.5 with a custom command
[40/150] Generating waybar-mpd.5 with a custom command
[41/150] Generating waybar-network.5 with a custom command
[42/150] Generating waybar-mpris.5 with a custom command
[43/150] Generating waybar-pulseaudio.5 with a custom command
[44/150] Generating waybar-river-mode.5 with a custom command
[45/150] Generating waybar-river-tags.5 with a custom command
[46/150] Generating waybar-sway-language.5 with a custom command
[47/150] Generating waybar-sway-mode.5 with a custom command
[48/150] Generating waybar-river-window.5 with a custom command
[49/150] Generating waybar-river-layout.5 with a custom command
[50/150] Generating waybar-sway-scratchpad.5 with a custom command
[51/150] Generating waybar-sway-window.5 with a custom command
[52/150] Generating waybar-temperature.5 with a custom command
[53/150] Generating waybar-sway-workspaces.5 with a custom command
[54/150] Generating waybar-states.5 with a custom command
[55/150] Generating waybar-wlr-taskbar.5 with a custom command
[56/150] Generating waybar-bluetooth.5 with a custom command
[57/150] Generating waybar-upower.5 with a custom command
[58/150] Generating waybar-sndio.5 with a custom command
[59/150] Generating waybar-dwl-tags.5 with a custom command
[60/150] Generating waybar-wlr-workspaces.5 with a custom command
[61/150] Generating waybar-tray.5 with a custom command
[62/150] Generating waybar-inhibitor.5 with a custom command
[63/150] Generating waybar-wireplumber.5 with a custom command
[64/150] Generating protocol/dbus-status-notifier-item.[ch] with a custom command
[65/150] Generating protocol/dbus-menu.[ch] with a custom command
[66/150] Generating protocol/dbus-status-notifier-watcher.[ch] with a custom command
[67/150] Compiling C object protocol/libclient_protos.a.p/meson-generated_xdg-shell-protocol.c.o
[68/150] Compiling C object protocol/libclient_protos.a.p/meson-generated_wlr-layer-shell-unstable-v1-protocol.c.o
[69/150] Compiling C object protocol/libclient_protos.a.p/meson-generated_xdg-output-unstable-v1-protocol.c.o
[70/150] Compiling C object protocol/libclient_protos.a.p/meson-generated_idle-inhibit-unstable-v1-protocol.c.o
[71/150] Compiling C object protocol/libclient_protos.a.p/meson-generated_wlr-foreign-toplevel-management-unstable-v1-protocol.c.o
[72/150] Compiling C object protocol/libclient_protos.a.p/meson-generated_ext-workspace-unstable-v1-protocol.c.o
[73/150] Compiling C object protocol/libclient_protos.a.p/meson-generated_river-status-unstable-v1-protocol.c.o
[74/150] Compiling C object protocol/libclient_protos.a.p/meson-generated_river-control-unstable-v1-protocol.c.o
[75/150] Compiling C object protocol/libclient_protos.a.p/meson-generated_dwl-ipc-unstable-v2-protocol.c.o
[76/150] Compiling C object protocol/libclient_protos.a.p/meson-generated_.._dbus-status-notifier-watcher.c.o
[77/150] Compiling C object protocol/libclient_protos.a.p/meson-generated_.._dbus-menu.c.o
[78/150] Compiling C object protocol/libclient_protos.a.p/meson-generated_.._dbus-status-notifier-item.c.o
[79/150] Linking static target protocol/libclient_protos.a
[80/150] Compiling C++ object test/waybar_test.p/config.cpp.o
[81/150] Compiling C++ object test/waybar_test.p/main.cpp.o
[82/150] Compiling C++ object test/waybar_test.p/SafeSignal.cpp.o
[83/150] Compiling C++ object waybar.p/src_AIconLabel.cpp.o
[84/150] Compiling C++ object subprojects/date-3.0.1/libtz.a.p/src_tz.cpp.o
[85/150] Linking static target subprojects/date-3.0.1/libtz.a
[86/150] Compiling C++ object waybar.p/src_ALabel.cpp.o
[87/150] Compiling C++ object waybar.p/src_factory.cpp.o
[88/150] Compiling C++ object waybar.p/src_modules_idle_inhibitor.cpp.o
[89/150] Compiling C++ object test/waybar_test.p/.._src_config.cpp.o
In file included from /usr/include/spdlog/fmt/fmt.h:27,
                 from /usr/include/spdlog/common.h:45,
                 from /usr/include/spdlog/spdlog.h:12,
                 from ../src/config.cpp:3:
In member function ‘constexpr void fmt::v9::detail::fill_t<Char>::operator=(fmt::v9::basic_string_view<Char>) [with Char = char]’,
    inlined from ‘constexpr void fmt::v9::detail::specs_setter<Char>::on_fill(fmt::v9::basic_string_view<Char>) [with Char = char]’ at /usr/include/fmt/core.h:2210:17,
    inlined from ‘constexpr const Char* fmt::v9::detail::parse_align(const Char*, const Char*, Handler&&) [with Char = char; Handler = specs_checker<dynamic_specs_handler<fmt::v9::basic_format_parse_context<char> > >&]’ at /usr/include/fmt/core.h:2385:24,
    inlined from ‘constexpr const Char* fmt::v9::detail::parse_format_specs(const Char*, const Char*, SpecHandler&&) [with Char = char; SpecHandler = specs_checker<dynamic_specs_handler<fmt::v9::basic_format_parse_context<char> > >&]’ at /usr/include/fmt/core.h:2576:22,
    inlined from ‘constexpr decltype (ctx.begin()) fmt::v9::formatter<T, Char, typename std::enable_if<(fmt::v9::detail::type_constant<T, Char>::value != fmt::v9::detail::type::custom_type), void>::type>::parse(ParseContext&) [with ParseContext = fmt::v9::basic_format_parse_context<char>; T = fmt::v9::basic_string_view<char>; Char = char]’ at /usr/include/fmt/core.h:3044:41:
/usr/include/fmt/core.h:2096:48: warning: writing 1 byte into a region of size 0 [-Wstringop-overflow=]
 2096 |     for (size_t i = 0; i < size; ++i) data_[i] = s[i];
      |                                       ~~~~~~~~~^~~~
/usr/include/fmt/core.h: In member function ‘constexpr decltype (ctx.begin()) fmt::v9::formatter<T, Char, typename std::enable_if<(fmt::v9::detail::type_constant<T, Char>::value != fmt::v9::detail::type::custom_type), void>::type>::parse(ParseContext&) [with ParseContext = fmt::v9::basic_format_parse_context<char>; T = fmt::v9::basic_string_view<char>; Char = char]’:
/usr/include/fmt/core.h:2089:8: note: at offset 4 into destination object ‘fmt::v9::detail::fill_t<char>::data_’ of size 4
 2089 |   Char data_[max_size] = {Char(' '), Char(0), Char(0), Char(0)};
      |        ^~~~~
[90/150] Compiling C++ object waybar.p/src_modules_temperature.cpp.o
[91/150] Compiling C++ object test/waybar_test.p/date.cpp.o
[92/150] Compiling C++ object waybar.p/src_AModule.cpp.o
[93/150] Compiling C++ object waybar.p/src_util_ustring_clen.cpp.o
[94/150] Compiling C++ object waybar.p/src_modules_custom.cpp.o
[95/150] Compiling C++ object waybar.p/src_util_sanitize_str.cpp.o
[96/150] Compiling C++ object waybar.p/src_modules_disk.cpp.o
[97/150] Compiling C++ object waybar.p/src_modules_user.cpp.o
[98/150] Compiling C++ object waybar.p/src_modules_image.cpp.o
[99/150] Compiling C++ object waybar.p/src_group.cpp.o
[100/150] Compiling C++ object waybar.p/src_config.cpp.o
In file included from /usr/include/spdlog/fmt/fmt.h:27,
                 from /usr/include/spdlog/common.h:45,
                 from /usr/include/spdlog/spdlog.h:12,
                 from ../src/config.cpp:3:
In member function ‘constexpr void fmt::v9::detail::fill_t<Char>::operator=(fmt::v9::basic_string_view<Char>) [with Char = char]’,
    inlined from ‘constexpr void fmt::v9::detail::specs_setter<Char>::on_fill(fmt::v9::basic_string_view<Char>) [with Char = char]’ at /usr/include/fmt/core.h:2210:17,
    inlined from ‘constexpr const Char* fmt::v9::detail::parse_align(const Char*, const Char*, Handler&&) [with Char = char; Handler = specs_checker<dynamic_specs_handler<fmt::v9::basic_format_parse_context<char> > >&]’ at /usr/include/fmt/core.h:2385:24,
    inlined from ‘constexpr const Char* fmt::v9::detail::parse_format_specs(const Char*, const Char*, SpecHandler&&) [with Char = char; SpecHandler = specs_checker<dynamic_specs_handler<fmt::v9::basic_format_parse_context<char> > >&]’ at /usr/include/fmt/core.h:2576:22,
    inlined from ‘constexpr decltype (ctx.begin()) fmt::v9::formatter<T, Char, typename std::enable_if<(fmt::v9::detail::type_constant<T, Char>::value != fmt::v9::detail::type::custom_type), void>::type>::parse(ParseContext&) [with ParseContext = fmt::v9::basic_format_parse_context<char>; T = fmt::v9::basic_string_view<char>; Char = char]’ at /usr/include/fmt/core.h:3044:41:
/usr/include/fmt/core.h:2096:48: warning: writing 1 byte into a region of size 0 [-Wstringop-overflow=]
 2096 |     for (size_t i = 0; i < size; ++i) data_[i] = s[i];
      |                                       ~~~~~~~~~^~~~
/usr/include/fmt/core.h: In member function ‘constexpr decltype (ctx.begin()) fmt::v9::formatter<T, Char, typename std::enable_if<(fmt::v9::detail::type_constant<T, Char>::value != fmt::v9::detail::type::custom_type), void>::type>::parse(ParseContext&) [with ParseContext = fmt::v9::basic_format_parse_context<char>; T = fmt::v9::basic_string_view<char>; Char = char]’:
/usr/include/fmt/core.h:2089:8: note: at offset 4 into destination object ‘fmt::v9::detail::fill_t<char>::data_’ of size 4
 2089 |   Char data_[max_size] = {Char(' '), Char(0), Char(0), Char(0)};
      |        ^~~~~
[101/150] Compiling C++ object waybar.p/src_main.cpp.o
[102/150] Compiling C++ object waybar.p/src_modules_cpu_common.cpp.o
[103/150] Compiling C++ object waybar.p/src_modules_sway_ipc_client.cpp.o
../src/modules/sway/ipc/client.cpp: In destructor ‘waybar::modules::sway::Ipc::~Ipc()’:
../src/modules/sway/ipc/client.cpp:20:10: warning: ignoring return value of ‘ssize_t write(int, const void*, size_t)’ declared with attribute ‘warn_unused_result’ [-Wunused-result]
   20 |     write(fd_, "close-sway-ipc", 14);
      |     ~~~~~^~~~~~~~~~~~~~~~~~~~~~~~~~~
../src/modules/sway/ipc/client.cpp:25:10: warning: ignoring return value of ‘ssize_t write(int, const void*, size_t)’ declared with attribute ‘warn_unused_result’ [-Wunused-result]
   25 |     write(fd_event_, "close-sway-ipc", 14);
      |     ~~~~~^~~~~~~~~~~~~~~~~~~~~~~~~~~~~~~~~
[104/150] Compiling C++ object waybar.p/src_modules_memory_common.cpp.o
[105/150] Compiling C++ object waybar.p/src_modules_cpu_linux.cpp.o
[106/150] Compiling C++ object waybar.p/src_modules_memory_linux.cpp.o
[107/150] Compiling C++ object waybar.p/src_client.cpp.o
In file included from /usr/include/fmt/format.h:48,
                 from ../include/client.hpp:3,
                 from ../src/client.cpp:1:
In member function ‘constexpr void fmt::v9::detail::fill_t<Char>::operator=(fmt::v9::basic_string_view<Char>) [with Char = char]’,
    inlined from ‘constexpr void fmt::v9::detail::specs_setter<Char>::on_fill(fmt::v9::basic_string_view<Char>) [with Char = char]’ at /usr/include/fmt/core.h:2210:17,
    inlined from ‘constexpr const Char* fmt::v9::detail::parse_align(const Char*, const Char*, Handler&&) [with Char = char; Handler = specs_checker<dynamic_specs_handler<fmt::v9::basic_format_parse_context<char> > >&]’ at /usr/include/fmt/core.h:2385:24,
    inlined from ‘constexpr const Char* fmt::v9::detail::parse_format_specs(const Char*, const Char*, SpecHandler&&) [with Char = char; SpecHandler = specs_checker<dynamic_specs_handler<fmt::v9::basic_format_parse_context<char> > >&]’ at /usr/include/fmt/core.h:2576:22,
    inlined from ‘constexpr decltype (ctx.begin()) fmt::v9::formatter<T, Char, typename std::enable_if<(fmt::v9::detail::type_constant<T, Char>::value != fmt::v9::detail::type::custom_type), void>::type>::parse(ParseContext&) [with ParseContext = fmt::v9::basic_format_parse_context<char>; T = fmt::v9::basic_string_view<char>; Char = char]’ at /usr/include/fmt/core.h:3044:41:
/usr/include/fmt/core.h:2096:48: warning: writing 1 byte into a region of size 0 [-Wstringop-overflow=]
 2096 |     for (size_t i = 0; i < size; ++i) data_[i] = s[i];
      |                                       ~~~~~~~~~^~~~
/usr/include/fmt/core.h: In member function ‘constexpr decltype (ctx.begin()) fmt::v9::formatter<T, Char, typename std::enable_if<(fmt::v9::detail::type_constant<T, Char>::value != fmt::v9::detail::type::custom_type), void>::type>::parse(ParseContext&) [with ParseContext = fmt::v9::basic_format_parse_context<char>; T = fmt::v9::basic_string_view<char>; Char = char]’:
/usr/include/fmt/core.h:2089:8: note: at offset 4 into destination object ‘fmt::v9::detail::fill_t<char>::data_’ of size 4
 2089 |   Char data_[max_size] = {Char(' '), Char(0), Char(0), Char(0)};
      |        ^~~~~
[108/150] Compiling C++ object waybar.p/src_bar.cpp.o
[109/150] Compiling C++ object waybar.p/src_modules_battery.cpp.o
[110/150] Compiling C++ object waybar.p/src_util_rewrite_string.cpp.o
[111/150] Compiling C++ object waybar.p/src_modules_sway_mode.cpp.o
[112/150] Compiling C++ object waybar.p/src_modules_sway_bar.cpp.o
In file included from /usr/include/fmt/format.h:48,
                 from /usr/include/fmt/ostream.h:20,
                 from ../include/util/json.hpp:3,
                 from ../include/modules/sway/bar.hpp:7,
                 from ../src/modules/sway/bar.cpp:1:
In member function ‘constexpr void fmt::v9::detail::fill_t<Char>::operator=(fmt::v9::basic_string_view<Char>) [with Char = char]’,
    inlined from ‘constexpr void fmt::v9::detail::specs_setter<Char>::on_fill(fmt::v9::basic_string_view<Char>) [with Char = char]’ at /usr/include/fmt/core.h:2210:17,
    inlined from ‘constexpr const Char* fmt::v9::detail::parse_align(const Char*, const Char*, Handler&&) [with Char = char; Handler = specs_checker<dynamic_specs_handler<fmt::v9::basic_format_parse_context<char> > >&]’ at /usr/include/fmt/core.h:2385:24,
    inlined from ‘constexpr const Char* fmt::v9::detail::parse_format_specs(const Char*, const Char*, SpecHandler&&) [with Char = char; SpecHandler = specs_checker<dynamic_specs_handler<fmt::v9::basic_format_parse_context<char> > >&]’ at /usr/include/fmt/core.h:2576:22,
    inlined from ‘constexpr decltype (ctx.begin()) fmt::v9::formatter<T, Char, typename std::enable_if<(fmt::v9::detail::type_constant<T, Char>::value != fmt::v9::detail::type::custom_type), void>::type>::parse(ParseContext&) [with ParseContext = fmt::v9::basic_format_parse_context<char>; T = fmt::v9::basic_string_view<char>; Char = char]’ at /usr/include/fmt/core.h:3044:41:
/usr/include/fmt/core.h:2096:48: warning: writing 1 byte into a region of size 0 [-Wstringop-overflow=]
 2096 |     for (size_t i = 0; i < size; ++i) data_[i] = s[i];
      |                                       ~~~~~~~~~^~~~
/usr/include/fmt/core.h: In member function ‘constexpr decltype (ctx.begin()) fmt::v9::formatter<T, Char, typename std::enable_if<(fmt::v9::detail::type_constant<T, Char>::value != fmt::v9::detail::type::custom_type), void>::type>::parse(ParseContext&) [with ParseContext = fmt::v9::basic_format_parse_context<char>; T = fmt::v9::basic_string_view<char>; Char = char]’:
/usr/include/fmt/core.h:2089:8: note: at offset 4 into destination object ‘fmt::v9::detail::fill_t<char>::data_’ of size 4
 2089 |   Char data_[max_size] = {Char(' '), Char(0), Char(0), Char(0)};
      |        ^~~~~
[113/150] Compiling C++ object waybar.p/src_modules_wlr_workspace_manager_binding.cpp.o
[114/150] Compiling C++ object waybar.p/src_modules_river_mode.cpp.o
[115/150] Compiling C++ object waybar.p/src_modules_sway_language.cpp.o
[116/150] Compiling C++ object waybar.p/src_modules_sway_scratchpad.cpp.o
[117/150] Compiling C++ object waybar.p/src_modules_sway_workspaces.cpp.o
[118/150] Compiling C++ object waybar.p/src_modules_sway_window.cpp.o
[119/150] Compiling C++ object waybar.p/src_modules_river_window.cpp.o
[120/150] Compiling C++ object waybar.p/src_modules_river_layout.cpp.o
[121/150] Compiling C++ object waybar.p/src_modules_dwl_tags.cpp.o
[122/150] Compiling C++ object waybar.p/src_modules_wlr_taskbar.cpp.o
[123/150] Compiling C++ object waybar.p/src_modules_hyprland_backend.cpp.o
[124/150] Compiling C++ object waybar.p/src_modules_wlr_workspace_manager.cpp.o
[125/150] Compiling C++ object waybar.p/src_modules_river_tags.cpp.o
[126/150] Compiling C++ object waybar.p/src_modules_upower_upower.cpp.o
[127/150] Compiling C++ object waybar.p/src_modules_upower_upower_tooltip.cpp.o
[128/150] Compiling C++ object waybar.p/src_modules_hyprland_submap.cpp.o
[129/150] Compiling C++ object waybar.p/src_modules_pulseaudio.cpp.o
[130/150] Compiling C++ object waybar.p/src_modules_hyprland_window.cpp.o
[131/150] Compiling C++ object waybar.p/src_modules_jack.cpp.o
[132/150] Compiling C++ object waybar.p/src_modules_hyprland_language.cpp.o
[133/150] Compiling C++ object waybar.p/src_modules_gamemode.cpp.o
[134/150] Compiling C++ object waybar.p/src_modules_network.cpp.o
[135/150] Compiling C++ object waybar.p/src_modules_sni_tray.cpp.o
[136/150] Compiling C++ object waybar.p/src_modules_backlight.cpp.o
[137/150] Compiling C++ object waybar.p/src_modules_sndio.cpp.o
[138/150] Compiling C++ object waybar.p/src_modules_mpris_mpris.cpp.o
[139/150] Compiling C++ object waybar.p/src_modules_wireplumber.cpp.o
[140/150] Linking target test/waybar_test
[141/150] Compiling C++ object waybar.p/src_modules_sni_watcher.cpp.o
[142/150] Compiling C++ object waybar.p/src_modules_sni_host.cpp.o
[143/150] Compiling C++ object waybar.p/src_modules_keyboard_state.cpp.o
[144/150] Compiling C++ object waybar.p/src_modules_mpd_state.cpp.o
[145/150] Compiling C++ object waybar.p/src_modules_sni_item.cpp.o
In file included from /usr/include/spdlog/fmt/fmt.h:27,
                 from /usr/include/spdlog/common.h:45,
                 from /usr/include/spdlog/spdlog.h:12,
                 from ../src/modules/sni/item.cpp:6:
In member function ‘constexpr void fmt::v9::detail::fill_t<Char>::operator=(fmt::v9::basic_string_view<Char>) [with Char = char]’,
    inlined from ‘constexpr void fmt::v9::detail::specs_setter<Char>::on_fill(fmt::v9::basic_string_view<Char>) [with Char = char]’ at /usr/include/fmt/core.h:2210:17,
    inlined from ‘constexpr const Char* fmt::v9::detail::parse_align(const Char*, const Char*, Handler&&) [with Char = char; Handler = specs_checker<dynamic_specs_handler<fmt::v9::basic_format_parse_context<char> > >&]’ at /usr/include/fmt/core.h:2385:24,
    inlined from ‘constexpr const Char* fmt::v9::detail::parse_format_specs(const Char*, const Char*, SpecHandler&&) [with Char = char; SpecHandler = specs_checker<dynamic_specs_handler<fmt::v9::basic_format_parse_context<char> > >&]’ at /usr/include/fmt/core.h:2576:22,
    inlined from ‘constexpr decltype (ctx.begin()) fmt::v9::formatter<T, Char, typename std::enable_if<(fmt::v9::detail::type_constant<T, Char>::value != fmt::v9::detail::type::custom_type), void>::type>::parse(ParseContext&) [with ParseContext = fmt::v9::basic_format_parse_context<char>; T = fmt::v9::basic_string_view<char>; Char = char]’ at /usr/include/fmt/core.h:3044:41:
/usr/include/fmt/core.h:2096:48: warning: writing 1 byte into a region of size 0 [-Wstringop-overflow=]
 2096 |     for (size_t i = 0; i < size; ++i) data_[i] = s[i];
      |                                       ~~~~~~~~~^~~~
/usr/include/fmt/core.h: In member function ‘constexpr decltype (ctx.begin()) fmt::v9::formatter<T, Char, typename std::enable_if<(fmt::v9::detail::type_constant<T, Char>::value != fmt::v9::detail::type::custom_type), void>::type>::parse(ParseContext&) [with ParseContext = fmt::v9::basic_format_parse_context<char>; T = fmt::v9::basic_string_view<char>; Char = char]’:
/usr/include/fmt/core.h:2089:8: note: at offset 4 into destination object ‘fmt::v9::detail::fill_t<char>::data_’ of size 4
 2089 |   Char data_[max_size] = {Char(' '), Char(0), Char(0), Char(0)};
      |        ^~~~~
[146/150] Compiling C++ object waybar.p/src_modules_mpd_mpd.cpp.o
[147/150] Compiling C++ object waybar.p/src_modules_inhibitor.cpp.o
[148/150] Compiling C++ object waybar.p/src_modules_bluetooth.cpp.o
[149/150] Compiling C++ object waybar.p/src_modules_clock.cpp.o
[150/150] Linking target waybar
